2021-04-18 18:56:09,315 INFO  [main] Driver initialization
2021-04-18 18:57:06,079 INFO  [main] log - INFO
2021-04-18 18:57:06,079 TRACE  [main] log - TRACE
2021-04-18 18:57:06,079 DEBUG  [main] log - DEBUG
2021-04-18 18:57:06,675 INFO  [main] log - INFO
2021-04-18 18:57:06,675 TRACE  [main] log - TRACE
2021-04-18 18:57:06,675 DEBUG  [main] log - DEBUG
2021-04-18 18:57:06,998 INFO  [main] log - INFO
2021-04-18 18:57:06,998 TRACE  [main] log - TRACE
2021-04-18 18:57:06,999 DEBUG  [main] log - DEBUG
2021-04-18 19:06:33,800 INFO  [main] Driver initialization
2021-04-18 19:06:45,600 INFO  [main] log - INFO
2021-04-18 19:06:45,601 TRACE  [main] log - TRACE
2021-04-18 19:06:45,601 DEBUG  [main] log - DEBUG
2021-04-18 19:06:45,964 INFO  [main] log - INFO
2021-04-18 19:06:45,965 TRACE  [main] log - TRACE
2021-04-18 19:06:45,965 DEBUG  [main] log - DEBUG
2021-04-18 19:06:46,168 INFO  [main] log - INFO
2021-04-18 19:06:46,168 TRACE  [main] log - TRACE
2021-04-18 19:06:46,168 DEBUG  [main] log - DEBUG
2021-04-18 19:07:41,887 INFO  [main] Driver initialization
2021-04-18 19:07:57,244 INFO  [main] log - INFO
2021-04-18 19:07:57,244 TRACE  [main] log - TRACE
2021-04-18 19:07:57,244 DEBUG  [main] log - DEBUG
2021-04-18 19:07:57,692 INFO  [main] log - INFO
2021-04-18 19:07:57,692 TRACE  [main] log - TRACE
2021-04-18 19:07:57,692 DEBUG  [main] log - DEBUG
2021-04-18 19:07:57,978 INFO  [main] log - INFO
2021-04-18 19:07:57,978 TRACE  [main] log - TRACE
2021-04-18 19:07:57,978 DEBUG  [main] log - DEBUG
2021-04-18 19:09:47,106 INFO  [main] Driver initialization
2021-04-18 19:10:00,869 INFO  [main] log - INFO
2021-04-18 19:10:00,869 TRACE  [main] log - TRACE
2021-04-18 19:10:00,869 DEBUG  [main] log - DEBUG
2021-04-18 19:10:01,266 INFO  [main] log - INFO
2021-04-18 19:10:01,267 TRACE  [main] log - TRACE
2021-04-18 19:10:01,267 DEBUG  [main] log - DEBUG
2021-04-18 19:10:01,538 INFO  [main] log - INFO
2021-04-18 19:10:01,538 TRACE  [main] log - TRACE
2021-04-18 19:10:01,538 DEBUG  [main] log - DEBUG
2021-04-18 19:11:14,921 INFO  [main] Driver initialization
2021-04-18 19:11:33,785 INFO  [main] log - INFO
2021-04-18 19:11:33,785 TRACE  [main] log - TRACE
2021-04-18 19:11:33,785 DEBUG  [main] log - DEBUG
2021-04-18 19:11:34,227 INFO  [main] log - INFO
2021-04-18 19:11:34,227 TRACE  [main] log - TRACE
2021-04-18 19:11:34,227 DEBUG  [main] log - DEBUG
2021-04-18 19:11:34,539 INFO  [main] log - INFO
2021-04-18 19:11:34,540 TRACE  [main] log - TRACE
2021-04-18 19:11:34,540 DEBUG  [main] log - DEBUG
2021-04-18 19:16:04,139 INFO  [main] Driver initialization
2021-04-18 19:16:22,828 INFO  [main] log - INFO
2021-04-18 19:16:22,828 TRACE  [main] log - TRACE
2021-04-18 19:16:22,828 DEBUG  [main] log - DEBUG
2021-04-18 19:16:23,293 INFO  [main] log - INFO
2021-04-18 19:16:23,293 TRACE  [main] log - TRACE
2021-04-18 19:16:23,293 DEBUG  [main] log - DEBUG
2021-04-18 19:16:23,603 INFO  [main] log - INFO
2021-04-18 19:16:23,603 TRACE  [main] log - TRACE
2021-04-18 19:16:23,604 DEBUG  [main] log - DEBUG
2021-04-18 19:18:03,719 INFO  [main] Driver initialization
2021-04-18 19:18:43,341 INFO  [main] log - INFO
2021-04-18 19:18:43,341 TRACE  [main] log - TRACE
2021-04-18 19:18:43,342 DEBUG  [main] log - DEBUG
2021-04-18 19:18:43,789 INFO  [main] log - INFO
2021-04-18 19:18:43,789 TRACE  [main] log - TRACE
2021-04-18 19:18:43,789 DEBUG  [main] log - DEBUG
2021-04-18 19:18:44,056 INFO  [main] log - INFO
2021-04-18 19:18:44,056 TRACE  [main] log - TRACE
2021-04-18 19:18:44,056 DEBUG  [main] log - DEBUG
2021-04-18 19:22:37,031 INFO  [main] Driver initialization
2021-04-18 19:22:53,610 INFO  [main] log - INFO
2021-04-18 19:22:53,610 TRACE  [main] log - TRACE
2021-04-18 19:22:53,610 DEBUG  [main] log - DEBUG
2021-04-18 19:22:54,214 INFO  [main] log - INFO
2021-04-18 19:22:54,214 TRACE  [main] log - TRACE
2021-04-18 19:22:54,214 DEBUG  [main] log - DEBUG
2021-04-18 19:22:54,486 INFO  [main] log - INFO
2021-04-18 19:22:54,486 TRACE  [main] log - TRACE
2021-04-18 19:22:54,487 DEBUG  [main] log - DEBUG
2021-04-18 19:25:20,007 INFO  [main] Driver initialization
2021-04-18 19:25:35,202 INFO  [main] log - INFO
2021-04-18 19:25:35,202 TRACE  [main] log - TRACE
2021-04-18 19:25:35,202 DEBUG  [main] log - DEBUG
2021-04-18 19:25:35,605 INFO  [main] log - INFO
2021-04-18 19:25:35,605 TRACE  [main] log - TRACE
2021-04-18 19:25:35,605 DEBUG  [main] log - DEBUG
2021-04-18 19:25:35,858 INFO  [main] log - INFO
2021-04-18 19:25:35,859 TRACE  [main] log - TRACE
2021-04-18 19:25:35,859 DEBUG  [main] log - DEBUG
2021-04-18 19:28:29,971 INFO  [main] Driver initialization
2021-04-18 19:28:48,664 INFO  [main] log - INFO
2021-04-18 19:28:48,665 TRACE  [main] log - TRACE
2021-04-18 19:28:48,665 DEBUG  [main] log - DEBUG
2021-04-18 19:28:49,133 INFO  [main] log - INFO
2021-04-18 19:28:49,133 TRACE  [main] log - TRACE
2021-04-18 19:28:49,133 DEBUG  [main] log - DEBUG
2021-04-18 19:28:49,400 INFO  [main] log - INFO
2021-04-18 19:28:49,400 TRACE  [main] log - TRACE
2021-04-18 19:28:49,400 DEBUG  [main] log - DEBUG
2021-04-18 19:30:09,903 INFO  [main] Driver initialization
2021-04-18 19:30:26,868 INFO  [main] log - INFO
2021-04-18 19:30:26,868 TRACE  [main] log - TRACE
2021-04-18 19:30:26,868 DEBUG  [main] log - DEBUG
2021-04-18 19:30:27,467 INFO  [main] log - INFO
2021-04-18 19:30:27,467 TRACE  [main] log - TRACE
2021-04-18 19:30:27,467 DEBUG  [main] log - DEBUG
2021-04-18 19:30:27,794 INFO  [main] log - INFO
2021-04-18 19:30:27,794 TRACE  [main] log - TRACE
2021-04-18 19:30:27,794 DEBUG  [main] log - DEBUG
2021-04-18 19:48:28,521 INFO  [main] Driver initialization
2021-04-18 19:48:46,094 INFO  [main] log - INFO
2021-04-18 19:48:46,094 TRACE  [main] log - TRACE
2021-04-18 19:48:46,094 DEBUG  [main] log - DEBUG
2021-04-18 19:48:46,628 INFO  [main] log - INFO
2021-04-18 19:48:46,628 TRACE  [main] log - TRACE
2021-04-18 19:48:46,628 DEBUG  [main] log - DEBUG
2021-04-18 19:48:47,011 INFO  [main] log - INFO
2021-04-18 19:48:47,011 TRACE  [main] log - TRACE
2021-04-18 19:48:47,011 DEBUG  [main] log - DEBUG
2021-04-18 19:49:31,359 INFO  [main] Driver initialization
2021-04-18 19:49:44,305 INFO  [main] log - INFO
2021-04-18 19:49:44,305 TRACE  [main] log - TRACE
2021-04-18 19:49:44,305 DEBUG  [main] log - DEBUG
2021-04-18 19:49:44,826 INFO  [main] log - INFO
2021-04-18 19:49:44,826 TRACE  [main] log - TRACE
2021-04-18 19:49:44,826 DEBUG  [main] log - DEBUG
2021-04-18 19:49:45,092 INFO  [main] log - INFO
2021-04-18 19:49:45,092 TRACE  [main] log - TRACE
2021-04-18 19:49:45,092 DEBUG  [main] log - DEBUG
2021-04-18 19:50:15,826 INFO  [main] Driver initialization
2021-04-18 19:50:27,205 INFO  [main] log - INFO
2021-04-18 19:50:27,205 TRACE  [main] log - TRACE
2021-04-18 19:50:27,206 DEBUG  [main] log - DEBUG
2021-04-18 19:50:27,604 INFO  [main] log - INFO
2021-04-18 19:50:27,604 TRACE  [main] log - TRACE
2021-04-18 19:50:27,604 DEBUG  [main] log - DEBUG
2021-04-18 19:50:27,868 INFO  [main] log - INFO
2021-04-18 19:50:27,869 TRACE  [main] log - TRACE
2021-04-18 19:50:27,869 DEBUG  [main] log - DEBUG
2021-04-18 22:43:03,196 INFO  [main] Driver initialization
2021-04-18 22:43:15,794 INFO  [main] log - INFO
2021-04-18 22:43:15,794 TRACE  [main] log - TRACE
2021-04-18 22:43:15,794 DEBUG  [main] log - DEBUG
2021-04-18 22:43:16,316 INFO  [main] log - INFO
2021-04-18 22:43:16,316 TRACE  [main] log - TRACE
2021-04-18 22:43:16,317 DEBUG  [main] log - DEBUG
2021-04-18 22:43:16,630 INFO  [main] log - INFO
2021-04-18 22:43:16,630 TRACE  [main] log - TRACE
2021-04-18 22:43:16,630 DEBUG  [main] log - DEBUG
2021-04-18 22:47:42,597 INFO  [main] Driver initialization
2021-04-18 22:47:53,543 INFO  [main] log - INFO
2021-04-18 22:47:53,543 TRACE  [main] log - TRACE
2021-04-18 22:47:53,543 DEBUG  [main] log - DEBUG
2021-04-18 22:47:53,914 INFO  [main] log - INFO
2021-04-18 22:47:53,914 TRACE  [main] log - TRACE
2021-04-18 22:47:53,914 DEBUG  [main] log - DEBUG
2021-04-18 22:47:54,145 INFO  [main] log - INFO
2021-04-18 22:47:54,145 TRACE  [main] log - TRACE
2021-04-18 22:47:54,146 DEBUG  [main] log - DEBUG
2021-04-18 23:36:45,173 INFO  [main] Driver initialization
2021-04-18 23:36:55,913 INFO  [main] log - INFO
2021-04-18 23:36:55,913 TRACE  [main] log - TRACE
2021-04-18 23:36:55,913 DEBUG  [main] log - DEBUG
2021-04-18 23:36:56,343 INFO  [main] log - INFO
2021-04-18 23:36:56,343 TRACE  [main] log - TRACE
2021-04-18 23:36:56,343 DEBUG  [main] log - DEBUG
2021-04-18 23:36:56,580 INFO  [main] log - INFO
2021-04-18 23:36:56,580 TRACE  [main] log - TRACE
2021-04-18 23:36:56,580 DEBUG  [main] log - DEBUG
2021-04-19 18:10:17,410 INFO  [main] Driver initialization
2021-04-19 18:10:35,340 INFO  [main] log - INFO
2021-04-19 18:10:35,340 TRACE  [main] log - TRACE
2021-04-19 18:10:35,340 DEBUG  [main] log - DEBUG
2021-04-19 18:10:35,754 INFO  [main] log - INFO
2021-04-19 18:10:35,754 TRACE  [main] log - TRACE
2021-04-19 18:10:35,754 DEBUG  [main] log - DEBUG
2021-04-19 18:10:36,022 INFO  [main] log - INFO
2021-04-19 18:10:36,022 TRACE  [main] log - TRACE
2021-04-19 18:10:36,022 DEBUG  [main] log - DEBUG
2021-04-19 18:10:36,490 INFO  [main] log - INFO
2021-04-19 18:10:36,490 TRACE  [main] log - TRACE
2021-04-19 18:10:36,490 DEBUG  [main] log - DEBUG
2021-04-19 18:10:36,867 INFO  [main] log - INFO
2021-04-19 18:10:36,867 TRACE  [main] log - TRACE
2021-04-19 18:10:36,867 DEBUG  [main] log - DEBUG
2021-04-19 18:10:37,125 INFO  [main] log - INFO
2021-04-19 18:10:37,125 TRACE  [main] log - TRACE
2021-04-19 18:10:37,125 DEBUG  [main] log - DEBUG
2021-04-19 18:10:37,283 ERROR  [main] Test error
2021-04-19 18:10:40,411 INFO  [main] Driver quit
2021-04-19 18:10:40,411 INFO  [main] Driver quit
2021-04-19 18:36:05,007 INFO  [main] Driver initialization
2021-04-19 18:36:24,432 INFO  [main] log - INFO
2021-04-19 18:36:24,433 TRACE  [main] log - TRACE
2021-04-19 18:36:24,433 DEBUG  [main] log - DEBUG
2021-04-19 18:36:24,900 INFO  [main] log - INFO
2021-04-19 18:36:24,900 TRACE  [main] log - TRACE
2021-04-19 18:36:24,901 DEBUG  [main] log - DEBUG
2021-04-19 18:36:25,154 INFO  [main] log - INFO
2021-04-19 18:36:25,154 TRACE  [main] log - TRACE
2021-04-19 18:36:25,154 DEBUG  [main] log - DEBUG
2021-04-19 18:36:26,153 INFO  [main] log - INFO
2021-04-19 18:36:26,154 TRACE  [main] log - TRACE
2021-04-19 18:36:26,154 DEBUG  [main] log - DEBUG
2021-04-19 18:36:26,588 INFO  [main] log - INFO
2021-04-19 18:36:26,589 TRACE  [main] log - TRACE
2021-04-19 18:36:26,589 DEBUG  [main] log - DEBUG
2021-04-19 18:36:26,802 INFO  [main] log - INFO
2021-04-19 18:36:26,803 TRACE  [main] log - TRACE
2021-04-19 18:36:26,803 DEBUG  [main] log - DEBUG
2021-04-19 18:36:26,979 ERROR  [main] Test error
2021-04-19 18:36:28,739 INFO  [main] Driver quit
2021-04-19 18:36:28,739 INFO  [main] Driver quit
2021-04-19 18:46:06,239 INFO  [main] Driver initialization
2021-04-19 18:46:34,995 ERROR  [main] Test error
2021-04-19 18:46:47,249 ERROR  [main] Test error
2021-04-19 18:47:00,087 INFO  [main] Driver quit
2021-04-19 18:47:00,665 INFO  [main] Driver quit
